<?xml version="1.0" encoding="UTF-8"?>
<!-- Generated by org.testng.reporters.JUnitReportReporter -->
<testsuite hostname="Vandhana-Ajith" failures="0" tests="3" name="practice.hometest.SampleReportTest" time="5.315" errors="0" timestamp="2026-09-17T12:46:08 IST" skipped="0">
  <testcase classname="practice.hometest.SampleReportTest" name="CreateContactWithPhnenumber" time="0.002"/>
  <testcase classname="practice.hometest.SampleReportTest" name="CreateContactWithOrg" time="0.004"/>
  <testcase classname="practice.hometest.SampleReportTest" name="CreateContactTest" time="5.309"/>
</testsuite> <!-- practice.hometest.SampleReportTest -->
