<?xml version="1.0" encoding="UTF-8"?>
<!-- Generated by org.testng.reporters.JUnitReportReporter -->
<testsuite hostname="Vandhana-Ajith" failures="0" tests="3" name="com.comcast.crm.contacttest.CreateConTest" time="45.541" errors="0" timestamp="2026-09-17T13:01:11 IST" skipped="0">
  <testcase classname="com.comcast.crm.contacttest.CreateConTest" name="createContactWithOrgTest" time="21.790"/>
  <testcase classname="com.comcast.crm.contacttest.CreateConTest" name="createContactTest" time="13.964"/>
  <testcase classname="com.comcast.crm.contacttest.CreateConTest" name="createContactWithsupportDate" time="9.787"/>
</testsuite> <!-- com.comcast.crm.contacttest.CreateConTest -->
