<?xml version="1.0" encoding="UTF-8"?>
<!-- Generated by org.testng.reporters.JUnitReportReporter -->
<testsuite hostname="Vandhana-Ajith" failures="0" tests="3" name="practice.OrgTest.CreateOrganizationTest" time="32.501" errors="0" timestamp="2026-09-10T12:25:11 IST" skipped="0">
  <testcase classname="practice.OrgTest.CreateOrganizationTest" name="CreateOrganization" time="11.672"/>
  <testcase classname="practice.OrgTest.CreateOrganizationTest" name="CreateOrganizationWithIndustry" time="10.739"/>
  <testcase classname="practice.OrgTest.CreateOrganizationTest" name="CreateOrganizationWithPhonenumber" time="10.090"/>
</testsuite> <!-- practice.OrgTest.CreateOrganizationTest -->
