<?xml version="1.0" encoding="UTF-8"?>
<!-- Generated by org.testng.reporters.JUnitReportReporter -->
<testsuite hostname="Vandhana-Ajith" failures="0" tests="2" name="com.crm.comcast.contacttest.CreateContactTest" time="0.017" errors="0" timestamp="2026-09-10T09:37:07 IST" skipped="0">
  <testcase classname="com.crm.comcast.contacttest.CreateContactTest" name="createContactWithDate" time="0.007"/>
  <testcase classname="com.crm.comcast.contacttest.CreateContactTest" name="createContact" time="0.010"/>
</testsuite> <!-- com.crm.comcast.contacttest.CreateContactTest -->
