<?xml version="1.0" encoding="UTF-8"?>
<!-- Generated by org.testng.reporters.JUnitReportReporter -->
<testsuite hostname="Vandhana-Ajith" failures="0" tests="2" name="com.crm.comcast.orgtest.CreateOrgTest" time="0.006" errors="0" timestamp="2026-09-10T09:37:07 IST" skipped="0">
  <testcase classname="com.crm.comcast.orgtest.CreateOrgTest" name="createOrgTest" time="0.004"/>
  <testcase classname="com.crm.comcast.orgtest.CreateOrgTest" name="createOrgWithIndustry" time="0.002"/>
</testsuite> <!-- com.crm.comcast.orgtest.CreateOrgTest -->
