<?xml version="1.0" encoding="UTF-8"?>
<!-- Generated by org.testng.reporters.JUnitXMLReporter -->
<testsuite ignored="4" hostname="Vandhana-Ajith" failures="2" tests="2" name="Smoke Testing" time="0.13" errors="0" timestamp="2026-09-10T13:17:19 IST">
  <testcase classname="com.comcast.crm.contacttest.CreateConTest" name="createContactTest" time="0.05">
    <failure type="java.lang.NullPointerException" message="Cannot invoke &amp;quot;org.openqa.selenium.SearchContext.findElement(org.openqa.selenium.By)&amp;quot; because &amp;quot;this.searchContext&amp;quot; is null">
      <![CDATA[java.lang.NullPointerException: Cannot invoke "org.openqa.selenium.SearchContext.findElement(org.openqa.selenium.By)" because "this.searchContext" is null
at org.openqa.selenium.support.pagefactory.DefaultElementLocator.findElement(DefaultElementLocator.java:68)
at org.openqa.selenium.support.pagefactory.internal.LocatingElementHandler.invoke(LocatingElementHandler.java:38)
at jdk.proxy2/jdk.proxy2.$Proxy15.click(Unknown Source)
at com.comcast.crm.contacttest.CreateConTest.createContactTest(CreateConTest.java:22)
at java.base/java.util.ArrayList.forEach(ArrayList.java:1597)
... Removed 25 stack frames]]>
    </failure>
  </testcase> <!-- createContactTest -->
  <testcase classname="com.comcast.crm.orgtest.CreateOrgTest" name="CreateOrganization" time="0.002">
    <failure type="java.lang.NullPointerException" message="Cannot invoke &amp;quot;org.openqa.selenium.SearchContext.findElement(org.openqa.selenium.By)&amp;quot; because &amp;quot;this.searchContext&amp;quot; is null">
      <![CDATA[java.lang.NullPointerException: Cannot invoke "org.openqa.selenium.SearchContext.findElement(org.openqa.selenium.By)" because "this.searchContext" is null
at org.openqa.selenium.support.pagefactory.DefaultElementLocator.findElement(DefaultElementLocator.java:68)
at org.openqa.selenium.support.pagefactory.internal.LocatingElementHandler.invoke(LocatingElementHandler.java:38)
at jdk.proxy2/jdk.proxy2.$Proxy15.click(Unknown Source)
at com.comcast.crm.orgtest.CreateOrgTest.CreateOrganization(CreateOrgTest.java:19)
at java.base/java.util.ArrayList.forEach(ArrayList.java:1597)
... Removed 25 stack frames]]>
    </failure>
  </testcase> <!-- CreateOrganization -->
  <testcase classname="com.comcast.crm.contacttest.CreateConTest" name="createContactWithsupportDate" time="0.0">
    <ignored/>
  </testcase> <!-- createContactWithsupportDate -->
  <testcase classname="com.comcast.crm.orgtest.CreateOrgTest" name="CreateOrganizationWithPhonenumber" time="0.0">
    <ignored/>
  </testcase> <!-- CreateOrganizationWithPhonenumber -->
  <testcase classname="com.comcast.crm.contacttest.CreateConTest" name="createContactWithOrgTest" time="0.0">
    <ignored/>
  </testcase> <!-- createContactWithOrgTest -->
  <testcase classname="com.comcast.crm.orgtest.CreateOrgTest" name="CreateOrganizationWithIndustry" time="0.0">
    <ignored/>
  </testcase> <!-- CreateOrganizationWithIndustry -->
</testsuite> <!-- Smoke Testing -->
