<?xml version="1.0" encoding="UTF-8"?>
<!-- Generated by org.testng.reporters.JUnitXMLReporter -->
<testsuite ignored="0" hostname="Vandhana-Ajith" failures="0" tests="3" name="Test-2" time="30.752" errors="0" timestamp="2026-09-10T15:07:24 IST">
  <testcase classname="com.comcast.crm.contacttest.CreateConTest" name="createContactTest" time="0.0">
    <skipped/>
  </testcase> <!-- createContactTest -->
  <testcase classname="com.comcast.crm.contacttest.CreateConTest" name="createContactWithOrgTest" time="0.0">
    <skipped/>
  </testcase> <!-- createContactWithOrgTest -->
  <testcase classname="com.comcast.crm.contacttest.CreateConTest" name="createContactWithsupportDate" time="0.001">
    <skipped/>
  </testcase> <!-- createContactWithsupportDate -->
</testsuite> <!-- Test-2 -->
