<?xml version="1.0" encoding="UTF-8"?>
<!-- Generated by org.testng.reporters.JUnitXMLReporter -->
<testsuite ignored="2" hostname="Vandhana-Ajith" failures="0" tests="6" name="TestRunner-Chrome" time="86.606" errors="0" timestamp="2026-09-11T09:41:08 IST">
  <testcase classname="com.comcast.crm.contacttest.CreateConTest" name="createContactTest" time="7.516"/>
  <testcase classname="com.comcast.crm.contacttest.CreateConTest" name="createContactWithOrgTest" time="17.884"/>
  <testcase classname="com.comcast.crm.contacttest.CreateConTest" name="createContactWithsupportDate" time="4.997"/>
  <testcase classname="com.comcast.crm.orgtest.CreateOrgTest" name="CreateOrganization" time="5.301"/>
  <testcase classname="com.comcast.crm.orgtest.CreateOrgTest" name="CreateOrganizationWithIndustry" time="4.236"/>
  <testcase classname="com.comcast.crm.orgtest.CreateOrgTest" name="CreateOrganizationWithPhonenumber" time="3.733"/>
  <testcase classname="com.comcast.crm.basetest.BaseClass" name="@BeforeSuite configBS" time="0.0">
    <ignored/>
  </testcase> <!-- @BeforeSuite configBS -->
  <testcase classname="com.comcast.crm.basetest.BaseClass" name="@AfterSuite configAS" time="0.0">
    <ignored/>
  </testcase> <!-- @AfterSuite configAS -->
</testsuite> <!-- TestRunner-Chrome -->
