<?xml version="1.0" encoding="UTF-8"?>
<!-- Generated by org.testng.reporters.JUnitXMLReporter -->
<testsuite ignored="2" hostname="Vandhana-Ajith" failures="0" tests="6" name="Test" time="80.492" errors="0" timestamp="2026-09-17T13:01:10 IST">
  <testcase classname="com.comcast.crm.contacttest.CreateConTest" name="createContactTest" time="6.359"/>
  <testcase classname="com.comcast.crm.contacttest.CreateConTest" name="createContactWithOrgTest" time="15.752"/>
  <testcase classname="com.comcast.crm.contacttest.CreateConTest" name="createContactWithsupportDate" time="3.565"/>
  <testcase classname="com.comcast.crm.orgtest.CreateOrgTest" name="CreateOrganization" time="4.161"/>
  <testcase classname="com.comcast.crm.orgtest.CreateOrgTest" name="CreateOrganizationWithIndustry" time="4.041"/>
  <testcase classname="com.comcast.crm.orgtest.CreateOrgTest" name="CreateOrganizationWithPhonenumber" time="4.74"/>
  <testcase classname="com.comcast.crm.basetest.BaseClass" name="@AfterSuite configAS" time="0.0">
    <ignored/>
  </testcase> <!-- @AfterSuite configAS -->
  <testcase classname="com.comcast.crm.basetest.BaseClass" name="@BeforeSuite configBS" time="0.0">
    <ignored/>
  </testcase> <!-- @BeforeSuite configBS -->
</testsuite> <!-- Test -->
